<?xml version="1.0" encoding="UTF-8"?>
<!-- Generated by org.testng.reporters.JUnitXMLReporter -->
<testsuite ignored="0" hostname="USER-PC" failures="0" tests="5" name="Default test" time="35.617" errors="0" timestamp="2022-11-05T18:27:54 IST">
  <testcase classname="testCase.Setting_tc" name="OrganizationRegister" time="8.002"/>
  <testcase classname="testCase.Setting_tc" name="JobCategoryRegister" time="5.324"/>
  <testcase classname="testCase.Setting_tc" name="Skills" time="5.024"/>
  <testcase classname="testCase.Setting_tc" name="QuestionsBank" time="8.817"/>
  <testcase classname="testCase.Setting_tc" name="Users" time="8.332"/>
</testsuite> <!-- Default test -->
