<?xml version="1.0" encoding="UTF-8"?>
<!-- Generated by org.testng.reporters.JUnitXMLReporter -->
<testsuite ignored="0" hostname="USER-PC" failures="0" tests="5" name="Setting section validation" time="28.593" errors="0" timestamp="2022-11-05T18:42:02 IST">
  <testcase classname="testCase.Setting_tc" name="OrganizationRegister" time="6.264"/>
  <testcase classname="testCase.Setting_tc" name="JobCategoryRegister" time="5.675"/>
  <testcase classname="testCase.Setting_tc" name="Skills" time="4.83"/>
  <testcase classname="testCase.Setting_tc" name="QuestionsBank" time="8.481"/>
  <testcase classname="testCase.Setting_tc" name="Users" time="3.297"/>
</testsuite> <!-- Setting section validation -->
