<?xml version="1.0" encoding="UTF-8"?>
<testng-results ignored="0" total="1" passed="1" failed="0" skipped="0">
  <reporter-output>
  </reporter-output>
  <suite started-at="2022-11-13T21:15:36 IST" name="Default suite" finished-at="2022-11-13T21:15:37 IST" duration-ms="1461">
    <groups>
    </groups>
    <test started-at="2022-11-13T21:15:36 IST" name="Default test" finished-at="2022-11-13T21:15:37 IST" duration-ms="1461">
      <class name="testCase.Login_tc">
        <test-method is-config="true" signature="launchBrowser()[pri:0, instance:testCase.Login_tc@3c77d488]" started-at="2022-11-13T21:15:03 IST" name="launchBrowser" finished-at="2022-11-13T21:15:36 IST" duration-ms="32188" status="PASS">
          <reporter-output>
          </reporter-output>
        </test-method> <!-- launchBrowser -->
        <test-method signature="loginPage()[pri:0, instance:testCase.Login_tc@3c77d488]" started-at="2022-11-13T21:15:36 IST" name="loginPage" finished-at="2022-11-13T21:15:37 IST" duration-ms="1319" status="PASS">
          <reporter-output>
          </reporter-output>
        </test-method> <!-- loginPage -->
        <test-method is-config="true" signature="tearDown()[pri:0, instance:testCase.Login_tc@3c77d488]" started-at="2022-11-13T21:15:37 IST" name="tearDown" finished-at="2022-11-13T21:15:39 IST" duration-ms="1885" status="PASS">
          <reporter-output>
          </reporter-output>
        </test-method> <!-- tearDown -->
      </class> <!-- testCase.Login_tc -->
    </test> <!-- Default test -->
  </suite> <!-- Default suite -->
</testng-results>
